<?xml version="1.0" encoding="UTF-8"?>
<coverage generated="1675515487786" clover="3.2.0">
  <project timestamp="1675515487786" name="All files">
    <metrics statements="263" coveredstatements="262" conditionals="45" coveredconditionals="44" methods="28" coveredmethods="27" elements="336" coveredelements="333" complexity="0" loc="263" ncloc="263" packages="1" files="2" classes="2"/>
    <file name="helpers.ts" path="/home/horttsam/Documents/koulu/tiralabra/chessBot/src/GameLogic/helpers.ts">
      <metrics statements="95" coveredstatements="94" conditionals="12" coveredconditionals="11" methods="7" coveredmethods="6"/>
      <line num="5" count="2" type="stmt"/>
      <line num="6" count="0" type="stmt"/>
      <line num="14" count="2" type="stmt"/>
      <line num="15" count="7" type="cond" truecount="1" falsecount="0"/>
      <line num="19" count="2" type="stmt"/>
      <line num="21" count="5" type="stmt"/>
      <line num="24" count="2" type="stmt"/>
      <line num="25" count="92" type="stmt"/>
      <line num="31" count="2" type="stmt"/>
      <line num="36" count="34" type="cond" truecount="1" falsecount="0"/>
      <line num="37" count="22" type="cond" truecount="1" falsecount="0"/>
      <line num="38" count="12" type="stmt"/>
      <line num="39" count="12" type="stmt"/>
      <line num="43" count="10" type="stmt"/>
      <line num="44" count="10" type="stmt"/>
      <line num="50" count="2" type="cond" truecount="2" falsecount="0"/>
      <line num="51" count="2" type="stmt"/>
      <line num="52" count="2" type="stmt"/>
      <line num="53" count="2" type="stmt"/>
      <line num="54" count="2" type="stmt"/>
      <line num="55" count="2" type="stmt"/>
      <line num="56" count="2" type="stmt"/>
      <line num="57" count="2" type="stmt"/>
      <line num="58" count="2" type="stmt"/>
      <line num="59" count="2" type="stmt"/>
      <line num="60" count="2" type="stmt"/>
      <line num="61" count="2" type="stmt"/>
      <line num="62" count="2" type="stmt"/>
      <line num="65" count="2" type="cond" truecount="2" falsecount="0"/>
      <line num="66" count="2" type="stmt"/>
      <line num="67" count="2" type="stmt"/>
      <line num="68" count="2" type="stmt"/>
      <line num="69" count="2" type="stmt"/>
      <line num="70" count="2" type="stmt"/>
      <line num="71" count="2" type="stmt"/>
      <line num="72" count="2" type="stmt"/>
      <line num="73" count="2" type="stmt"/>
      <line num="74" count="2" type="stmt"/>
      <line num="75" count="2" type="stmt"/>
      <line num="76" count="2" type="stmt"/>
      <line num="77" count="2" type="stmt"/>
      <line num="78" count="2" type="stmt"/>
      <line num="79" count="2" type="stmt"/>
      <line num="80" count="2" type="stmt"/>
      <line num="81" count="2" type="stmt"/>
      <line num="82" count="2" type="stmt"/>
      <line num="83" count="2" type="stmt"/>
      <line num="84" count="2" type="stmt"/>
      <line num="85" count="2" type="stmt"/>
      <line num="86" count="2" type="stmt"/>
      <line num="87" count="2" type="stmt"/>
      <line num="88" count="2" type="stmt"/>
      <line num="89" count="2" type="stmt"/>
      <line num="90" count="2" type="stmt"/>
      <line num="91" count="2" type="stmt"/>
      <line num="92" count="2" type="stmt"/>
      <line num="93" count="2" type="stmt"/>
      <line num="94" count="2" type="stmt"/>
      <line num="95" count="2" type="stmt"/>
      <line num="96" count="2" type="stmt"/>
      <line num="97" count="2" type="stmt"/>
      <line num="98" count="2" type="stmt"/>
      <line num="99" count="2" type="stmt"/>
      <line num="100" count="2" type="stmt"/>
      <line num="101" count="2" type="stmt"/>
      <line num="102" count="2" type="stmt"/>
      <line num="103" count="2" type="stmt"/>
      <line num="104" count="2" type="stmt"/>
      <line num="105" count="2" type="stmt"/>
      <line num="106" count="2" type="stmt"/>
      <line num="107" count="2" type="stmt"/>
      <line num="108" count="2" type="stmt"/>
      <line num="109" count="2" type="stmt"/>
      <line num="110" count="2" type="stmt"/>
      <line num="111" count="2" type="stmt"/>
      <line num="112" count="2" type="stmt"/>
      <line num="113" count="2" type="stmt"/>
      <line num="114" count="2" type="stmt"/>
      <line num="115" count="2" type="stmt"/>
      <line num="116" count="2" type="stmt"/>
      <line num="117" count="2" type="stmt"/>
      <line num="118" count="2" type="stmt"/>
      <line num="119" count="2" type="stmt"/>
      <line num="120" count="2" type="stmt"/>
      <line num="121" count="2" type="stmt"/>
      <line num="122" count="2" type="stmt"/>
      <line num="123" count="2" type="stmt"/>
      <line num="124" count="2" type="stmt"/>
      <line num="125" count="2" type="stmt"/>
      <line num="126" count="2" type="stmt"/>
      <line num="127" count="2" type="stmt"/>
      <line num="128" count="2" type="stmt"/>
      <line num="129" count="2" type="stmt"/>
      <line num="132" count="2" type="stmt"/>
      <line num="133" count="2" type="stmt"/>
    </file>
    <file name="moveMasks.ts" path="/home/horttsam/Documents/koulu/tiralabra/chessBot/src/GameLogic/moveMasks.ts">
      <metrics statements="168" coveredstatements="168" conditionals="33" coveredconditionals="33" methods="21" coveredmethods="21"/>
      <line num="1" count="1" type="stmt"/>
      <line num="2" count="1" type="stmt"/>
      <line num="6" count="1" type="stmt"/>
      <line num="7" count="1" type="stmt"/>
      <line num="8" count="1" type="stmt"/>
      <line num="9" count="1" type="stmt"/>
      <line num="10" count="1" type="stmt"/>
      <line num="11" count="1" type="stmt"/>
      <line num="12" count="1" type="stmt"/>
      <line num="13" count="1" type="stmt"/>
      <line num="14" count="1" type="stmt"/>
      <line num="15" count="1" type="stmt"/>
      <line num="21" count="1" type="stmt"/>
      <line num="22" count="4" type="stmt"/>
      <line num="23" count="4" type="stmt"/>
      <line num="24" count="4" type="stmt"/>
      <line num="25" count="4" type="stmt"/>
      <line num="26" count="4" type="stmt"/>
      <line num="27" count="4" type="stmt"/>
      <line num="28" count="4" type="stmt"/>
      <line num="29" count="4" type="stmt"/>
      <line num="31" count="4" type="stmt"/>
      <line num="39" count="4" type="cond" truecount="1" falsecount="0"/>
      <line num="40" count="2" type="cond" truecount="1" falsecount="0"/>
      <line num="41" count="1" type="stmt"/>
      <line num="47" count="1" type="stmt"/>
      <line num="49" count="4" type="stmt"/>
      <line num="50" count="4" type="stmt"/>
      <line num="51" count="4" type="stmt"/>
      <line num="52" count="4" type="stmt"/>
      <line num="53" count="4" type="stmt"/>
      <line num="54" count="4" type="stmt"/>
      <line num="55" count="4" type="stmt"/>
      <line num="56" count="4" type="stmt"/>
      <line num="57" count="4" type="stmt"/>
      <line num="68" count="4" type="cond" truecount="1" falsecount="0"/>
      <line num="69" count="1" type="stmt"/>
      <line num="70" count="3" type="cond" truecount="1" falsecount="0"/>
      <line num="71" count="2" type="stmt"/>
      <line num="72" count="1" type="stmt"/>
      <line num="80" count="1" type="stmt"/>
      <line num="81" count="8" type="stmt"/>
      <line num="82" count="8" type="stmt"/>
      <line num="83" count="8" type="stmt"/>
      <line num="84" count="8" type="stmt"/>
      <line num="85" count="8" type="stmt"/>
      <line num="89" count="1" type="stmt"/>
      <line num="90" count="12" type="stmt"/>
      <line num="91" count="12" type="stmt"/>
      <line num="94" count="12" type="cond" truecount="2" falsecount="0"/>
      <line num="95" count="12" type="stmt"/>
      <line num="101" count="1" type="stmt"/>
      <line num="102" count="12" type="stmt"/>
      <line num="103" count="12" type="stmt"/>
      <line num="105" count="12" type="cond" truecount="2" falsecount="0"/>
      <line num="108" count="12" type="stmt"/>
      <line num="114" count="1" type="stmt"/>
      <line num="115" count="12" type="stmt"/>
      <line num="116" count="12" type="stmt"/>
      <line num="118" count="12" type="cond" truecount="2" falsecount="0"/>
      <line num="121" count="12" type="stmt"/>
      <line num="127" count="1" type="stmt"/>
      <line num="128" count="12" type="stmt"/>
      <line num="129" count="12" type="stmt"/>
      <line num="131" count="12" type="cond" truecount="2" falsecount="0"/>
      <line num="134" count="12" type="stmt"/>
      <line num="148" count="1" type="stmt"/>
      <line num="156" count="4" type="stmt"/>
      <line num="157" count="4" type="stmt"/>
      <line num="158" count="4" type="stmt"/>
      <line num="159" count="4" type="stmt"/>
      <line num="162" count="4" type="stmt"/>
      <line num="166" count="4" type="stmt"/>
      <line num="170" count="4" type="stmt"/>
      <line num="174" count="4" type="stmt"/>
      <line num="186" count="4" type="stmt"/>
      <line num="187" count="4" type="stmt"/>
      <line num="188" count="4" type="stmt"/>
      <line num="189" count="4" type="stmt"/>
      <line num="191" count="4" type="stmt"/>
      <line num="196" count="4" type="stmt"/>
      <line num="205" count="1" type="stmt"/>
      <line num="209" count="11" type="cond" truecount="1" falsecount="0"/>
      <line num="210" count="10" type="stmt"/>
      <line num="211" count="10" type="stmt"/>
      <line num="212" count="10" type="stmt"/>
      <line num="213" count="10" type="stmt"/>
      <line num="214" count="10" type="stmt"/>
      <line num="218" count="37" type="stmt"/>
      <line num="219" count="37" type="cond" truecount="1" falsecount="0"/>
      <line num="220" count="30" type="stmt"/>
      <line num="223" count="10" type="stmt"/>
      <line num="227" count="1" type="stmt"/>
      <line num="231" count="11" type="cond" truecount="1" falsecount="0"/>
      <line num="232" count="10" type="stmt"/>
      <line num="233" count="10" type="stmt"/>
      <line num="234" count="10" type="stmt"/>
      <line num="235" count="10" type="stmt"/>
      <line num="236" count="52" type="stmt"/>
      <line num="237" count="52" type="cond" truecount="1" falsecount="0"/>
      <line num="238" count="35" type="stmt"/>
      <line num="241" count="10" type="stmt"/>
      <line num="247" count="15" type="stmt"/>
      <line num="248" count="15" type="stmt"/>
      <line num="249" count="1" type="stmt"/>
      <line num="250" count="4" type="stmt"/>
      <line num="251" count="1" type="stmt"/>
      <line num="252" count="4" type="stmt"/>
      <line num="253" count="4" type="stmt"/>
      <line num="254" count="4" type="stmt"/>
      <line num="258" count="1" type="stmt"/>
      <line num="259" count="4" type="stmt"/>
      <line num="260" count="4" type="stmt"/>
      <line num="261" count="4" type="stmt"/>
      <line num="263" count="1" type="stmt"/>
      <line num="264" count="4" type="stmt"/>
      <line num="265" count="4" type="stmt"/>
      <line num="266" count="4" type="stmt"/>
      <line num="270" count="1" type="stmt"/>
      <line num="271" count="3" type="stmt"/>
      <line num="272" count="3" type="stmt"/>
      <line num="274" count="3" type="stmt"/>
      <line num="275" count="3" type="stmt"/>
      <line num="276" count="3" type="stmt"/>
      <line num="277" count="3" type="stmt"/>
      <line num="285" count="1" type="stmt"/>
      <line num="288" count="1" type="stmt"/>
      <line num="294" count="4" type="stmt"/>
      <line num="295" count="4" type="stmt"/>
      <line num="296" count="4" type="stmt"/>
      <line num="297" count="4" type="stmt"/>
      <line num="299" count="4" type="stmt"/>
      <line num="301" count="4" type="stmt"/>
      <line num="302" count="4" type="stmt"/>
      <line num="304" count="4" type="stmt"/>
      <line num="305" count="4" type="stmt"/>
      <line num="306" count="4" type="stmt"/>
      <line num="310" count="4" type="stmt"/>
      <line num="311" count="4" type="stmt"/>
      <line num="318" count="1" type="stmt"/>
      <line num="319" count="10" type="stmt"/>
      <line num="320" count="10" type="stmt"/>
      <line num="322" count="10" type="cond" truecount="2" falsecount="0"/>
      <line num="326" count="10" type="cond" truecount="2" falsecount="0"/>
      <line num="327" count="10" type="cond" truecount="2" falsecount="0"/>
      <line num="328" count="10" type="cond" truecount="2" falsecount="0"/>
      <line num="329" count="10" type="cond" truecount="4" falsecount="0"/>
      <line num="330" count="8" type="stmt"/>
      <line num="332" count="2" type="stmt"/>
      <line num="335" count="10" type="stmt"/>
      <line num="337" count="1" type="stmt"/>
      <line num="341" count="12" type="stmt"/>
      <line num="342" count="12" type="cond" truecount="2" falsecount="0"/>
      <line num="344" count="6" type="stmt"/>
      <line num="348" count="6" type="stmt"/>
      <line num="353" count="6" type="stmt"/>
      <line num="357" count="6" type="stmt"/>
      <line num="361" count="12" type="stmt"/>
      <line num="367" count="1" type="stmt"/>
      <line num="374" count="6" type="cond" truecount="2" falsecount="0"/>
      <line num="375" count="6" type="stmt"/>
      <line num="377" count="6" type="stmt"/>
      <line num="378" count="6" type="stmt"/>
      <line num="379" count="6" type="stmt"/>
      <line num="381" count="6" type="cond" truecount="1" falsecount="0"/>
      <line num="382" count="2" type="stmt"/>
      <line num="385" count="6" type="stmt"/>
      <line num="387" count="6" type="stmt"/>
    </file>
  </project>
</coverage>
