TN:
SF:src/GameLogic/helpers.ts
FN:5,(anonymous_0)
FN:14,isNumeric
FN:24,(anonymous_2)
FN:31,(anonymous_3)
FN:50,(anonymous_4)
FN:65,(anonymous_5)
FN:132,(anonymous_6)
FNF:7
FNH:6
FNDA:0,(anonymous_0)
FNDA:7,isNumeric
FNDA:92,(anonymous_2)
FNDA:34,(anonymous_3)
FNDA:2,(anonymous_4)
FNDA:2,(anonymous_5)
FNDA:2,(anonymous_6)
DA:5,2
DA:6,0
DA:14,2
DA:15,7
DA:19,2
DA:21,5
DA:24,2
DA:25,92
DA:31,2
DA:36,34
DA:37,22
DA:38,12
DA:39,12
DA:43,10
DA:44,10
DA:50,2
DA:51,2
DA:52,2
DA:53,2
DA:54,2
DA:55,2
DA:56,2
DA:57,2
DA:58,2
DA:59,2
DA:60,2
DA:61,2
DA:62,2
DA:65,2
DA:66,2
DA:67,2
DA:68,2
DA:69,2
DA:70,2
DA:71,2
DA:72,2
DA:73,2
DA:74,2
DA:75,2
DA:76,2
DA:77,2
DA:78,2
DA:79,2
DA:80,2
DA:81,2
DA:82,2
DA:83,2
DA:84,2
DA:85,2
DA:86,2
DA:87,2
DA:88,2
DA:89,2
DA:90,2
DA:91,2
DA:92,2
DA:93,2
DA:94,2
DA:95,2
DA:96,2
DA:97,2
DA:98,2
DA:99,2
DA:100,2
DA:101,2
DA:102,2
DA:103,2
DA:104,2
DA:105,2
DA:106,2
DA:107,2
DA:108,2
DA:109,2
DA:110,2
DA:111,2
DA:112,2
DA:113,2
DA:114,2
DA:115,2
DA:116,2
DA:117,2
DA:118,2
DA:119,2
DA:120,2
DA:121,2
DA:122,2
DA:123,2
DA:124,2
DA:125,2
DA:126,2
DA:127,2
DA:128,2
DA:129,2
DA:132,2
DA:133,2
LF:95
LH:94
BRDA:15,0,0,2
BRDA:16,1,0,7
BRDA:16,1,1,4
BRDA:34,2,0,17
BRDA:36,3,0,12
BRDA:37,4,0,12
BRDA:50,5,0,2
BRDA:50,5,1,2
BRDA:65,6,0,2
BRDA:65,6,1,2
BRDA:134,7,0,2
BRDA:134,7,1,0
BRF:12
BRH:11
end_of_record
TN:
SF:src/GameLogic/moveMasks.ts
FN:21,(anonymous_1)
FN:47,(anonymous_2)
FN:80,(anonymous_3)
FN:89,(anonymous_4)
FN:101,(anonymous_5)
FN:114,(anonymous_6)
FN:127,(anonymous_7)
FN:148,(anonymous_8)
FN:205,checkForDiagonalBlockingPieces
FN:227,checkForADiagonalBlockingPieces
FN:247,(anonymous_11)
FN:248,(anonymous_12)
FN:249,(anonymous_13)
FN:251,(anonymous_14)
FN:258,(anonymous_15)
FN:263,(anonymous_16)
FN:270,(anonymous_17)
FN:288,(anonymous_18)
FN:318,(anonymous_19)
FN:337,(anonymous_20)
FN:367,(anonymous_21)
FNF:21
FNH:21
FNDA:4,(anonymous_1)
FNDA:4,(anonymous_2)
FNDA:8,(anonymous_3)
FNDA:12,(anonymous_4)
FNDA:12,(anonymous_5)
FNDA:12,(anonymous_6)
FNDA:12,(anonymous_7)
FNDA:4,(anonymous_8)
FNDA:11,checkForDiagonalBlockingPieces
FNDA:11,checkForADiagonalBlockingPieces
FNDA:15,(anonymous_11)
FNDA:15,(anonymous_12)
FNDA:4,(anonymous_13)
FNDA:4,(anonymous_14)
FNDA:4,(anonymous_15)
FNDA:4,(anonymous_16)
FNDA:3,(anonymous_17)
FNDA:4,(anonymous_18)
FNDA:10,(anonymous_19)
FNDA:12,(anonymous_20)
FNDA:6,(anonymous_21)
DA:1,1
DA:2,1
DA:6,1
DA:7,1
DA:8,1
DA:9,1
DA:10,1
DA:11,1
DA:12,1
DA:13,1
DA:14,1
DA:15,1
DA:21,1
DA:22,4
DA:23,4
DA:24,4
DA:25,4
DA:26,4
DA:27,4
DA:28,4
DA:29,4
DA:31,4
DA:39,4
DA:40,2
DA:41,1
DA:47,1
DA:49,4
DA:50,4
DA:51,4
DA:52,4
DA:53,4
DA:54,4
DA:55,4
DA:56,4
DA:57,4
DA:68,4
DA:69,1
DA:70,3
DA:71,2
DA:72,1
DA:80,1
DA:81,8
DA:82,8
DA:83,8
DA:84,8
DA:85,8
DA:89,1
DA:90,12
DA:91,12
DA:94,12
DA:95,12
DA:101,1
DA:102,12
DA:103,12
DA:105,12
DA:108,12
DA:114,1
DA:115,12
DA:116,12
DA:118,12
DA:121,12
DA:127,1
DA:128,12
DA:129,12
DA:131,12
DA:134,12
DA:148,1
DA:156,4
DA:157,4
DA:158,4
DA:159,4
DA:162,4
DA:166,4
DA:170,4
DA:174,4
DA:186,4
DA:187,4
DA:188,4
DA:189,4
DA:191,4
DA:196,4
DA:205,1
DA:209,11
DA:210,10
DA:211,10
DA:212,10
DA:213,10
DA:214,10
DA:218,37
DA:219,37
DA:220,30
DA:223,10
DA:227,1
DA:231,11
DA:232,10
DA:233,10
DA:234,10
DA:235,10
DA:236,52
DA:237,52
DA:238,35
DA:241,10
DA:247,15
DA:248,15
DA:249,1
DA:250,4
DA:251,1
DA:252,4
DA:253,4
DA:254,4
DA:258,1
DA:259,4
DA:260,4
DA:261,4
DA:263,1
DA:264,4
DA:265,4
DA:266,4
DA:270,1
DA:271,3
DA:272,3
DA:274,3
DA:275,3
DA:276,3
DA:277,3
DA:285,1
DA:288,1
DA:294,4
DA:295,4
DA:296,4
DA:297,4
DA:299,4
DA:301,4
DA:302,4
DA:304,4
DA:305,4
DA:306,4
DA:310,4
DA:311,4
DA:318,1
DA:319,10
DA:320,10
DA:322,10
DA:326,10
DA:327,10
DA:328,10
DA:329,10
DA:330,8
DA:332,2
DA:335,10
DA:337,1
DA:341,12
DA:342,12
DA:344,6
DA:348,6
DA:353,6
DA:357,6
DA:361,12
DA:367,1
DA:374,6
DA:375,6
DA:377,6
DA:378,6
DA:379,6
DA:381,6
DA:382,2
DA:385,6
DA:387,6
LF:168
LH:168
BRDA:39,0,0,2
BRDA:40,1,0,1
BRDA:68,2,0,1
BRDA:70,3,0,2
BRDA:94,4,0,11
BRDA:94,4,1,1
BRDA:105,5,0,10
BRDA:105,5,1,2
BRDA:118,6,0,10
BRDA:118,6,1,2
BRDA:131,7,0,11
BRDA:131,7,1,1
BRDA:209,8,0,1
BRDA:219,9,0,30
BRDA:231,10,0,1
BRDA:237,11,0,35
BRDA:322,12,0,5
BRDA:322,12,1,5
BRDA:326,13,0,5
BRDA:326,13,1,5
BRDA:327,14,0,10
BRDA:327,14,1,5
BRDA:328,15,0,10
BRDA:328,15,1,5
BRDA:329,16,0,8
BRDA:329,16,1,2
BRDA:329,17,0,10
BRDA:329,17,1,6
BRDA:342,18,0,6
BRDA:342,18,1,6
BRDA:374,19,0,3
BRDA:374,19,1,3
BRDA:381,20,0,2
BRF:33
BRH:33
end_of_record
